2022-10-23 13:40:47 INFO     model_name          :TransE_l2
2022-10-23 13:40:47 INFO     data_path           :/train14/sli/jswang19/OGB/
2022-10-23 13:40:47 INFO     dataset             :wikikg90m
2022-10-23 13:40:47 INFO     format              :built_in
2022-10-23 13:40:47 INFO     data_files          :None
2022-10-23 13:40:47 INFO     delimiter           :	
2022-10-23 13:40:47 INFO     save_path           :/yrfs1/intern/tjshen/PIE-eval/Tr_8m4_sh_TD_PIE6w_RM32_RM/TransE_l2_wikikg90m_shallow_d_200_g_10.02
2022-10-23 13:40:47 INFO     no_save_emb         :True
2022-10-23 13:40:47 INFO     max_step            :3
2022-10-23 13:40:47 INFO     batch_size          :512
2022-10-23 13:40:47 INFO     batch_size_eval     :50
2022-10-23 13:40:47 INFO     neg_sample_size     :512
2022-10-23 13:40:47 INFO     neg_deg_sample      :False
2022-10-23 13:40:47 INFO     neg_deg_sample_eval :False
2022-10-23 13:40:47 INFO     neg_sample_size_eval:1000
2022-10-23 13:40:47 INFO     eval_percent        :1
2022-10-23 13:40:47 INFO     no_eval_filter      :False
2022-10-23 13:40:47 INFO     log_interval        :1000
2022-10-23 13:40:47 INFO     eval_interval       :1
2022-10-23 13:40:47 INFO     test                :True
2022-10-23 13:40:47 INFO     num_proc            :1
2022-10-23 13:40:47 INFO     num_thread          :1
2022-10-23 13:40:47 INFO     force_sync_interval :-1
2022-10-23 13:40:47 INFO     hidden_dim          :200
2022-10-23 13:40:47 INFO     feat_hidden_dim     :100
2022-10-23 13:40:47 INFO     lr                  :0.0
2022-10-23 13:40:47 INFO     gamma               :10.0
2022-10-23 13:40:47 INFO     double_ent          :False
2022-10-23 13:40:47 INFO     double_rel          :False
2022-10-23 13:40:47 INFO     neg_adversarial_sampling:True
2022-10-23 13:40:47 INFO     adversarial_temperature:1.0
2022-10-23 13:40:47 INFO     regularization_coef :1e-09
2022-10-23 13:40:47 INFO     regularization_norm :3
2022-10-23 13:40:47 INFO     pairwise            :False
2022-10-23 13:40:47 INFO     loss_genre          :Logsigmoid
2022-10-23 13:40:47 INFO     margin              :1.0
2022-10-23 13:40:47 INFO     LRE                 :False
2022-10-23 13:40:47 INFO     LRE_rank            :200
2022-10-23 13:40:47 INFO     scale_type          :2
2022-10-23 13:40:47 INFO     ote_size            :20
2022-10-23 13:40:47 INFO     train_percent       :1.0
2022-10-23 13:40:47 INFO     save_step           :2000000
2022-10-23 13:40:47 INFO     no_load             :False
2022-10-23 13:40:47 INFO     load_path           :/yrfs1/intern/tjshen/PIE-model/Tr_1kw_sh_PIE_RM/TransE_l2_wikikg90m_shallow_d_200_g_10.02
2022-10-23 13:40:47 INFO     index               :8499999
2022-10-23 13:40:47 INFO     val_candidate_path  :/train14/sli/jswang19/OGB/wikikg90m-v2/merge_candidate/TD_PIE6w_RM32.npy
2022-10-23 13:40:47 INFO     trainhrt_path       :/train14/sli/jswang19/OGB/wikikg90m-v2/processed/new_sample_hrt.npy
2022-10-23 13:40:47 INFO     gpu                 :[-1]
2022-10-23 13:40:47 INFO     mix_cpu_gpu         :True
2022-10-23 13:40:47 INFO     valid               :False
2022-10-23 13:40:47 INFO     rel_part            :False
2022-10-23 13:40:47 INFO     async_update        :True
2022-10-23 13:40:47 INFO     has_edge_importance :False
2022-10-23 13:40:47 INFO     print_on_screen     :True
2022-10-23 13:40:47 INFO     encoder_model_name  :shallow
2022-10-23 13:40:47 INFO     mlp_lr              :0.0001
2022-10-23 13:40:47 INFO     seed                :0
2022-10-23 13:40:47 INFO     test_mode           :test-dev
2022-10-23 13:40:47 INFO     eval_filter         :True
2022-10-23 13:40:47 INFO     soft_rel_part       :False
2022-10-23 13:40:47 INFO     strict_rel_part     :False
2022-10-23 13:40:47 INFO     num_workers         :8
2022-10-23 13:40:47 INFO     num_test_proc       :1
